<?xml version="1.0" encoding="UTF-8" ?>
<testsuite tests="37" failures="0" name="br.com.ama.testes.BDDTest" time="0.83" errors="0" skipped="31">
  <properties>
    <property name="java.runtime.name" value="Java(TM) SE Runtime Environment"/>
    <property name="sun.boot.library.path" value="C:\Program Files\Java\jdk1.8.0_131\jre\bin"/>
    <property name="java.vm.version" value="25.131-b11"/>
    <property name="java.vm.vendor" value="Oracle Corporation"/>
    <property name="java.vendor.url" value="http://java.oracle.com/"/>
    <property name="path.separator" value=";"/>
    <property name="guice.disable.misplaced.annotation.check" value="true"/>
    <property name="java.vm.name" value="Java HotSpot(TM) 64-Bit Server VM"/>
    <property name="file.encoding.pkg" value="sun.io"/>
    <property name="user.script" value=""/>
    <property name="user.country" value="BR"/>
    <property name="sun.java.launcher" value="SUN_STANDARD"/>
    <property name="sun.os.patch.level" value=""/>
    <property name="java.vm.specification.name" value="Java Virtual Machine Specification"/>
    <property name="user.dir" value="C:\Users\Tarcisio\Documents\NetBeansProjects\ProjetoAMA"/>
    <property name="java.runtime.version" value="1.8.0_131-b11"/>
    <property name="netbeans.deploy" value="true"/>
    <property name="java.awt.graphicsenv" value="sun.awt.Win32GraphicsEnvironment"/>
    <property name="java.endorsed.dirs" value="C:\Program Files\Java\jdk1.8.0_131\jre\lib\endorsed"/>
    <property name="os.arch" value="amd64"/>
    <property name="java.io.tmpdir" value="C:\Users\Tarcisio\AppData\Local\Temp\"/>
    <property name="line.separator" value="
"/>
    <property name="java.vm.specification.vendor" value="Oracle Corporation"/>
    <property name="user.variant" value=""/>
    <property name="os.name" value="Windows 10"/>
    <property name="maven.ext.class.path" value="C:\Program Files\NetBeans 8.2\java\maven-nblib\netbeans-eventspy.jar"/>
    <property name="classworlds.conf" value="C:\Program Files\NetBeans 8.2\java\maven\bin\m2.conf"/>
    <property name="sun.jnu.encoding" value="Cp1252"/>
    <property name="java.library.path" value="C:\Program Files\Java\jdk1.8.0_131\bin;C:\WINDOWS\Sun\Java\bin;C:\WINDOWS\system32;C:\WINDOWS;C:\Program Files (x86)\Common Files\Oracle\Java\javapath;C:\ProgramData\Oracle\Java\javapath;C:\WINDOWS\system32;C:\WINDOWS;C:\WINDOWS\System32\Wbem;C:\WINDOWS\System32\WindowsPowerShell\v1.0\;C:\Program Files\Microsoft SQL Server\120\Tools\Binn\;C:\Program Files\Microsoft SQL Server\130\Tools\Binn\;C:\Program Files (x86)\Windows Kits\10\Windows Performance Toolkit\;C:\Python34;C:\Program Files (x86)\QuickTime\QTSystem\;C:\Program Files\Java\jdk1.8.0_144\bin\;C:\Program Files\Java\jdk1.8.0_131\bin\;C:\Program Files\Git\cmd;C:\Program Files\Git\bin;C:\Program Files\nodejs\;C:\Program Files\TortoiseSVN\bin;C:\Program Files\Java\bin;;C:\WINDOWS\System32\OpenSSH\;C:\Users\Tarcisio\AppData\Local\Microsoft\WindowsApps;C:\Program Files\Microsoft VS Code\bin;C:\Program Files\Git\bin;C:\Users\Tarcisio\AppData\Roaming\npm;C:\Users\Tarcisio\AppData\Local\GitHubDesktop\bin;%USERPROFILE%\AppData\Local\Microsoft\WindowsApps;;."/>
    <property name="java.specification.name" value="Java Platform API Specification"/>
    <property name="java.class.version" value="52.0"/>
    <property name="sun.management.compiler" value="HotSpot 64-Bit Tiered Compilers"/>
    <property name="os.version" value="10.0"/>
    <property name="user.home" value="C:\Users\Tarcisio"/>
    <property name="user.timezone" value="America/Sao_Paulo"/>
    <property name="java.awt.printerjob" value="sun.awt.windows.WPrinterJob"/>
    <property name="java.specification.version" value="1.8"/>
    <property name="file.encoding" value="UTF-8"/>
    <property name="user.name" value="Tarcisio"/>
    <property name="java.class.path" value="C:\Program Files\NetBeans 8.2\java\maven\boot\plexus-classworlds-2.4.jar"/>
    <property name="java.vm.specification.version" value="1.8"/>
    <property name="sun.arch.data.model" value="64"/>
    <property name="java.home" value="C:\Program Files\Java\jdk1.8.0_131\jre"/>
    <property name="sun.java.command" value="org.codehaus.plexus.classworlds.launcher.Launcher -Dnetbeans.deploy=true -Dmaven.ext.class.path=C:\Program Files\NetBeans 8.2\java\maven-nblib\netbeans-eventspy.jar -Dfile.encoding=UTF-8 package"/>
    <property name="java.specification.vendor" value="Oracle Corporation"/>
    <property name="user.language" value="pt"/>
    <property name="awt.toolkit" value="sun.awt.windows.WToolkit"/>
    <property name="java.vm.info" value="mixed mode"/>
    <property name="java.version" value="1.8.0_131"/>
    <property name="java.ext.dirs" value="C:\Program Files\Java\jdk1.8.0_131\jre\lib\ext;C:\WINDOWS\Sun\Java\lib\ext"/>
    <property name="sun.boot.class.path" value="C:\Program Files\Java\jdk1.8.0_131\jre\lib\resources.jar;C:\Program Files\Java\jdk1.8.0_131\jre\lib\rt.jar;C:\Program Files\Java\jdk1.8.0_131\jre\lib\sunrsasign.jar;C:\Program Files\Java\jdk1.8.0_131\jre\lib\jsse.jar;C:\Program Files\Java\jdk1.8.0_131\jre\lib\jce.jar;C:\Program Files\Java\jdk1.8.0_131\jre\lib\charsets.jar;C:\Program Files\Java\jdk1.8.0_131\jre\lib\jfr.jar;C:\Program Files\Java\jdk1.8.0_131\jre\classes"/>
    <property name="java.vendor" value="Oracle Corporation"/>
    <property name="maven.home" value="C:\Program Files\NetBeans 8.2\java\maven"/>
    <property name="file.separator" value="\"/>
    <property name="java.vendor.url.bug" value="http://bugreport.sun.com/bugreport/"/>
    <property name="sun.cpu.endian" value="little"/>
    <property name="sun.io.unicode.encoding" value="UnicodeLittle"/>
    <property name="sun.desktop" value="windows"/>
    <property name="sun.cpu.isalist" value="amd64"/>
  </properties>
  <testcase classname="Scenario: Informa\u00E7oes validas" name="Given cliente informa conta\u002C senha e agencia valida" time="0.003">
    <skipped/>
  </testcase>
  <testcase classname="Scenario: Informa\u00E7oes validas" name="When cliente solicitar o saldo" time="0.068">
    <skipped/>
  </testcase>
  <testcase classname="Scenario: Informa\u00E7oes validas" name="Then o sistema informa o saldo" time="0.068">
    <skipped/>
  </testcase>
  <testcase classname="Scenario: Informa\u00E7oes validas" name="Scenario: Informa\u00E7oes validas" time="0.068">
    <skipped/>
  </testcase>
  <testcase classname="Scenario: Informa\u00E7oes validas" name="Scenario: Informa\u00E7oes validas" time="0.068"/>
  <testcase classname="Scenario: Informa\u00E7oes invalidas" name="Given cliente informa conta\u002C senha ou agencia invalida" time="0">
    <skipped/>
  </testcase>
  <testcase classname="Scenario: Informa\u00E7oes invalidas" name="When cliente solicitar o saldo" time="0">
    <skipped/>
  </testcase>
  <testcase classname="Scenario: Informa\u00E7oes invalidas" name="Then o sistema informa um erro" time="0">
    <skipped/>
  </testcase>
  <testcase classname="Scenario: Informa\u00E7oes invalidas" name="Scenario: Informa\u00E7oes invalidas" time="0">
    <skipped/>
  </testcase>
  <testcase classname="Scenario: Informa\u00E7oes invalidas" name="Scenario: Informa\u00E7oes invalidas" time="0"/>
  <testcase classname="Scenario: depositar dinheiro" name="Given cliente informa conta\u002C senha e agencia valida" time="0">
    <skipped/>
  </testcase>
  <testcase classname="Scenario: depositar dinheiro" name="And o cliente possui 100 reais em conta" time="0">
    <skipped/>
  </testcase>
  <testcase classname="Scenario: depositar dinheiro" name="When cliente depositar 20 reais" time="0">
    <skipped/>
  </testcase>
  <testcase classname="Scenario: depositar dinheiro" name="Then o sistema informa que a opera\u00E7\u00E3o foi um sucesso" time="0">
    <skipped/>
  </testcase>
  <testcase classname="Scenario: depositar dinheiro" name="And a conta do cliente est\u00E1 com salda de 120 reais" time="0">
    <skipped/>
  </testcase>
  <testcase classname="Scenario: depositar dinheiro" name="Scenario: depositar dinheiro" time="0">
    <skipped/>
  </testcase>
  <testcase classname="Scenario: depositar dinheiro" name="Scenario: depositar dinheiro" time="0"/>
  <testcase classname="Scenario: depositar envelope vazio" name="Given cliente informa conta\u002C agencia valida" time="0.001">
    <skipped/>
  </testcase>
  <testcase classname="Scenario: depositar envelope vazio" name="And o cliente informa que h\u00E1 100 reais no envelope" time="0.001">
    <skipped/>
  </testcase>
  <testcase classname="Scenario: depositar envelope vazio" name="But n\u00E3o h\u00E1 nenhum dinheiro no envelope" time="0.001">
    <skipped/>
  </testcase>
  <testcase classname="Scenario: depositar envelope vazio" name="When cliente solicita o deposito do envelope" time="0.001">
    <skipped/>
  </testcase>
  <testcase classname="Scenario: depositar envelope vazio" name="Then o sistema informa que n\u00E3o h\u00E1 dinheiro no envelope." time="0.001">
    <skipped/>
  </testcase>
  <testcase classname="Scenario: depositar envelope vazio" name="And o Saldo n\u00E3o \u00E9 modificado" time="0.001">
    <skipped/>
  </testcase>
  <testcase classname="Scenario: depositar envelope vazio" name="Scenario: depositar envelope vazio" time="0.001">
    <skipped/>
  </testcase>
  <testcase classname="Scenario: depositar envelope vazio" name="Scenario: depositar envelope vazio" time="0.001"/>
  <testcase classname="Scenario: Saldo positivo" name="Given cliente tem 100 reais na conta" time="0">
    <skipped/>
  </testcase>
  <testcase classname="Scenario: Saldo positivo" name="When cliente solicitar a retirada de 100 reais" time="0">
    <skipped/>
  </testcase>
  <testcase classname="Scenario: Saldo positivo" name="Then o sistema aprova a retirada" time="0">
    <skipped/>
  </testcase>
  <testcase classname="Scenario: Saldo positivo" name="And o saldo atual \u00E9 de 0 reais" time="0">
    <skipped/>
  </testcase>
  <testcase classname="Scenario: Saldo positivo" name="Scenario: Saldo positivo" time="0">
    <skipped/>
  </testcase>
  <testcase classname="Scenario: Saldo positivo" name="Scenario: Saldo positivo" time="0"/>
  <testcase classname="Scenario: Nega\u00E7\u00E3o para retirar" name="Given cliente tem 100 reais na conta" time="0.001">
    <skipped/>
  </testcase>
  <testcase classname="Scenario: Nega\u00E7\u00E3o para retirar" name="When cliente solicitar a retirada de 200 reais" time="0.001">
    <skipped/>
  </testcase>
  <testcase classname="Scenario: Nega\u00E7\u00E3o para retirar" name="Then o sistema n\u00E3o aprova a retirada" time="0.001">
    <skipped/>
  </testcase>
  <testcase classname="Scenario: Nega\u00E7\u00E3o para retirar" name="And o saldo atual \u00E9 de 100 reais" time="0.001">
    <skipped/>
  </testcase>
  <testcase classname="Scenario: Nega\u00E7\u00E3o para retirar" name="Scenario: Nega\u00E7\u00E3o para retirar" time="0.001">
    <skipped/>
  </testcase>
  <testcase classname="Scenario: Nega\u00E7\u00E3o para retirar" name="Scenario: Nega\u00E7\u00E3o para retirar" time="0.001"/>
</testsuite>